<?xml version="1.0" encoding="UTF-8"?>
<!-- Generated by org.testng.reporters.JUnitReportReporter -->
<testsuite hostname="DESKTOP-P1M4FNT" failures="0" tests="1" name="Test.Archivework" time="25.522" errors="0" timestamp="2022-07-21T16:22:10 IST" skipped="0">
  <testcase classname="Test.Archivework" name="Archive" time="25.522"/>
  <system-out/>
</testsuite> <!-- Test.Archivework -->
