<?xml version="1.0" encoding="UTF-8"?>
<!-- Generated by org.testng.reporters.JUnitReportReporter -->
<testsuite hostname="DESKTOP-P1M4FNT" failures="0" tests="1" name="Test.Execution" time="9.479" errors="0" timestamp="2022-07-21T16:22:10 IST" skipped="0">
  <testcase classname="Test.Execution" name="login" time="9.479"/>
  <system-out/>
</testsuite> <!-- Test.Execution -->
